<?xml version="1.0" encoding="UTF-8"?>
<!-- Generated by org.testng.reporters.JUnitReportReporter -->
<testsuite hostname="BOOK-VIU2T110R8" failures="0" tests="3" name="MyFrameworkDesign.tests.SubmitOrderTest" time="17.133" errors="0" timestamp="2026-06-21T00:37:57 IST" skipped="0">
  <testcase classname="MyFrameworkDesign.tests.SubmitOrderTest" name="OrderHistoryTest" time="2.477"/>
  <testcase classname="MyFrameworkDesign.tests.SubmitOrderTest" name="submitOrder" time="6.421"/>
  <testcase classname="MyFrameworkDesign.tests.SubmitOrderTest" name="submitOrder" time="8.235"/>
</testsuite> <!-- MyFrameworkDesign.tests.SubmitOrderTest -->
