<?xml version="1.0" encoding="UTF-8"?>
<!-- Generated by org.testng.reporters.JUnitReportReporter -->
<testsuite hostname="BOOK-VIU2T110R8" failures="0" tests="2" name="MyFrameworkDesign.tests.ErrorValidationsTest" time="8.132" errors="0" timestamp="2026-06-07T11:24:33 IST" skipped="0">
  <testcase classname="MyFrameworkDesign.tests.ErrorValidationsTest" name="LoginErrorValidation" time="2.472"/>
  <testcase classname="MyFrameworkDesign.tests.ErrorValidationsTest" name="ProductErrorValidation" time="5.660"/>
</testsuite> <!-- MyFrameworkDesign.tests.ErrorValidationsTest -->
