<?xml version="1.0" encoding="UTF-8"?>
<!-- Generated by org.testng.reporters.JUnitReportReporter -->
<testsuite hostname="BOOK-VIU2T110R8" failures="0" tests="1" name="Cucumber.TestNGTestRunner" time="6.255" errors="1" timestamp="2026-06-20T23:51:43 IST" skipped="0">
  <testcase classname="Cucumber.TestNGTestRunner" name="runScenario" time="6.255">
    <error message="Cannot invoke &quot;MyFrameworkDeisgn.pageobjects.ConfirmationPage.getConfirmationMessage()&quot; because &quot;this.confirmationPage&quot; is null" type="java.lang.NullPointerException">
      <![CDATA[java.lang.NullPointerException: Cannot invoke "MyFrameworkDeisgn.pageobjects.ConfirmationPage.getConfirmationMessage()" because "this.confirmationPage" is null
at MyFrameworkDesign.stepDefinitions.StepDefinitionImp.message_is_displayed_on_confirmationPage(StepDefinitionImp.java:57)
at ✽."THANKYOU FOR THE ORDER." message is displayed on ConfirmationPage(file:///C:/Users/findp/OneDrive/Desktop/PracticeSelenium/MySeleniumJavaFramework/src/test/java/cucumber/PurchaseOrder.feature:12)
]]>
    </error>
  </testcase> <!-- runScenario -->
</testsuite> <!-- Cucumber.TestNGTestRunner -->
