<?xml version="1.0" encoding="UTF-8"?>
<testng-results ignored="0" total="1" passed="0" failed="1" skipped="0">
  <reporter-output>
  </reporter-output>
  <suite started-at="2026-06-20T23:51:35 IST" name="Surefire suite" finished-at="2026-06-20T23:51:42 IST" duration-ms="7155">
    <groups>
      <group name="cucumber">
        <method signature="AbstractTestNGCucumberTests.runScenario(io.cucumber.testng.PickleWrapper,io.cucumber.testng.FeatureWrapper)[pri:0, instance:Cucumber.TestNGTestRunner@6a192cfe]" name="runScenario" class="io.cucumber.testng.AbstractTestNGCucumberTests"/>
      </group> <!-- cucumber -->
    </groups>
    <test started-at="2026-06-20T23:51:35 IST" name="Surefire test" finished-at="2026-06-20T23:51:42 IST" duration-ms="7155">
      <class name="Cucumber.TestNGTestRunner">
        <test-method is-config="true" signature="setUpClass(org.testng.ITestContext)[pri:0, instance:Cucumber.TestNGTestRunner@6a192cfe]" started-at="2026-06-20T23:51:35 IST" name="setUpClass" finished-at="2026-06-20T23:51:36 IST" duration-ms="794" status="PASS">
          <params>
            <param index="0">
              <value>
                <![CDATA[org.testng.TestRunner@73844119]]>
              </value>
            </param>
          </params>
          <reporter-output>
          </reporter-output>
        </test-method> <!-- setUpClass -->
        <test-method signature="runScenario(io.cucumber.testng.PickleWrapper,io.cucumber.testng.FeatureWrapper)[pri:0, instance:Cucumber.TestNGTestRunner@6a192cfe]" started-at="2026-06-20T23:51:36 IST" name="runScenario" description="Runs Cucumber Scenarios" data-provider="scenarios" finished-at="2026-06-20T23:51:42 IST" duration-ms="6255" status="FAIL">
          <params>
            <param index="0">
              <value>
                <![CDATA["Positive test of purchasing the order"]]>
              </value>
            </param>
            <param index="1">
              <value>
                <![CDATA["Purchase the order from Ecommerce website"]]>
              </value>
            </param>
          </params>
          <exception class="java.lang.NullPointerException">
            <message>
              <![CDATA[Cannot invoke "MyFrameworkDeisgn.pageobjects.ConfirmationPage.getConfirmationMessage()" because "this.confirmationPage" is null]]>
            </message>
            <full-stacktrace>
              <![CDATA[java.lang.NullPointerException: Cannot invoke "MyFrameworkDeisgn.pageobjects.ConfirmationPage.getConfirmationMessage()" because "this.confirmationPage" is null
at MyFrameworkDesign.stepDefinitions.StepDefinitionImp.message_is_displayed_on_confirmationPage(StepDefinitionImp.java:57)
at ✽."THANKYOU FOR THE ORDER." message is displayed on ConfirmationPage(file:///C:/Users/findp/OneDrive/Desktop/PracticeSelenium/MySeleniumJavaFramework/src/test/java/cucumber/PurchaseOrder.feature:12)
]]>
            </full-stacktrace>
          </exception> <!-- java.lang.NullPointerException -->
          <reporter-output>
          </reporter-output>
        </test-method> <!-- runScenario -->
        <test-method is-config="true" signature="tearDownClass()[pri:0, instance:Cucumber.TestNGTestRunner@6a192cfe]" started-at="2026-06-20T23:51:42 IST" name="tearDownClass" finished-at="2026-06-20T23:51:42 IST" duration-ms="42" status="PASS">
          <reporter-output>
          </reporter-output>
        </test-method> <!-- tearDownClass -->
      </class> <!-- Cucumber.TestNGTestRunner -->
    </test> <!-- Surefire test -->
  </suite> <!-- Surefire suite -->
</testng-results>
