<?xml version="1.0" encoding="UTF-8"?>
<!-- Generated by org.testng.reporters.JUnitXMLReporter -->
<testsuite ignored="0" hostname="BOOK-VIU2T110R8" failures="0" tests="2" name="ErrorValidations" time="8.227" errors="0" timestamp="2026-06-07T11:24:33 IST">
  <testcase classname="MyFrameworkDesign.tests.ErrorValidationsTest" name="LoginErrorValidation" time="0.508"/>
  <testcase classname="MyFrameworkDesign.tests.ErrorValidationsTest" name="ProductErrorValidation" time="2.195"/>
</testsuite> <!-- ErrorValidations -->
