<?xml version="1.0" encoding="UTF-8"?>
<!-- Generated by org.testng.reporters.JUnitXMLReporter -->
<testsuite ignored="0" hostname="BOOK-VIU2T110R8" failures="0" tests="3" name="SubmitOrderTest" time="17.503" errors="0" timestamp="2026-06-21T00:37:56 IST">
  <testcase classname="MyFrameworkDesign.tests.SubmitOrderTest" name="submitOrder" time="3.069"/>
  <testcase classname="MyFrameworkDesign.tests.SubmitOrderTest" name="submitOrder" time="3.599"/>
  <testcase classname="MyFrameworkDesign.tests.SubmitOrderTest" name="OrderHistoryTest" time="0.712"/>
</testsuite> <!-- SubmitOrderTest -->
