<?xml version="1.0" encoding="UTF-8"?>
<!-- Generated by org.testng.reporters.JUnitXMLReporter -->
<testsuite ignored="0" hostname="BOOK-VIU2T110R8" failures="1" tests="1" name="Surefire test" time="7.155" errors="0" timestamp="2026-06-20T23:51:42 IST">
  <testcase classname="io.cucumber.testng.AbstractTestNGCucumberTests" name="runScenario" time="6.255">
    <failure type="java.lang.NullPointerException" message="Cannot invoke &amp;quot;MyFrameworkDeisgn.pageobjects.ConfirmationPage.getConfirmationMessage()&amp;quot; because &amp;quot;this.confirmationPage&amp;quot; is null">
      <![CDATA[java.lang.NullPointerException: Cannot invoke "MyFrameworkDeisgn.pageobjects.ConfirmationPage.getConfirmationMessage()" because "this.confirmationPage" is null
at MyFrameworkDesign.stepDefinitions.StepDefinitionImp.message_is_displayed_on_confirmationPage(StepDefinitionImp.java:57)
at ✽."THANKYOU FOR THE ORDER." message is displayed on ConfirmationPage(file:///C:/Users/findp/OneDrive/Desktop/PracticeSelenium/MySeleniumJavaFramework/src/test/java/cucumber/PurchaseOrder.feature:12)
]]>
    </failure>
  </testcase> <!-- runScenario -->
</testsuite> <!-- Surefire test -->
